<?xml version="1.0" encoding="UTF-8"?>
<!-- Generated by org.testng.reporters.JUnitReportReporter -->
<testsuite hostname="LAPTOP-QESHLQ6F" failures="0" tests="1" name="new_java.demo" time="0.010" errors="0" timestamp="2023-08-28T12:48:54 CDT" skipped="0">
  <testcase classname="new_java.demo" name="day1" time="0.010"/>
  <system-out/>
</testsuite> <!-- new_java.demo -->
